\BOOKMARK [0][-]{idx_resumen.0}{Resumen}{}% 1
\BOOKMARK [0][-]{idx_resumen.0}{Resumen}{}% 2
\BOOKMARK [0][-]{idx_agrad.0}{Agradecimientos}{}% 3
\BOOKMARK [0][-]{idx_toc.0}{\315ndice general}{}% 4
\BOOKMARK [0][-]{chapter.1}{1 Introducci\363n}{}% 5
\BOOKMARK [1][-]{section.1.1}{1.1 Motivaci\363n}{chapter.1}% 6
\BOOKMARK [1][-]{section.1.2}{1.2 Estructura del documento}{chapter.1}% 7
\BOOKMARK [0][-]{chapter.2}{2 Objetivo}{}% 8
\BOOKMARK [1][-]{section.2.1}{2.1 Objetivo general}{chapter.2}% 9
\BOOKMARK [1][-]{section.2.2}{2.2 Sub-objetivos}{chapter.2}% 10
\BOOKMARK [1][-]{section.2.3}{2.3 Funcionalidades de la aplicaci\363n}{chapter.2}% 11
\BOOKMARK [0][-]{chapter.3}{3 Aplicaciones existentes}{}% 12
\BOOKMARK [1][-]{section.3.1}{3.1 EducamosCLM}{chapter.3}% 13
\BOOKMARK [1][-]{section.3.2}{3.2 Google Classroom}{chapter.3}% 14
\BOOKMARK [1][-]{section.3.3}{3.3 Additio}{chapter.3}% 15
\BOOKMARK [1][-]{section.3.4}{3.4 An\341lisis y conclusiones}{chapter.3}% 16
\BOOKMARK [0][-]{chapter.4}{4 Metodolog\355a}{}% 17
\BOOKMARK [1][-]{section.4.1}{4.1 Metodolog\355a de desarrollo}{chapter.4}% 18
\BOOKMARK [2][-]{subsection.4.1.1}{4.1.1 Caracter\355sticas principales}{section.4.1}% 19
\BOOKMARK [2][-]{subsection.4.1.2}{4.1.2 Etapas del proyecto}{section.4.1}% 20
\BOOKMARK [2][-]{subsection.4.1.3}{4.1.3 Obtenci\363n de requisitos}{section.4.1}% 21
\BOOKMARK [1][-]{section.4.2}{4.2 Marco tecnol\363gico de trabajo}{chapter.4}% 22
\BOOKMARK [2][-]{subsection.4.2.1}{4.2.1 Java}{section.4.2}% 23
\BOOKMARK [2][-]{subsection.4.2.2}{4.2.2 Git y GitHub}{section.4.2}% 24
\BOOKMARK [2][-]{subsection.4.2.3}{4.2.3 Balsamiq Wireframes}{section.4.2}% 25
\BOOKMARK [2][-]{subsection.4.2.4}{4.2.4 Texmaker y Overleaf}{section.4.2}% 26
\BOOKMARK [2][-]{subsection.4.2.5}{4.2.5 NetBeans IDE}{section.4.2}% 27
\BOOKMARK [2][-]{subsection.4.2.6}{4.2.6 Procreate}{section.4.2}% 28
\BOOKMARK [2][-]{subsection.4.2.7}{4.2.7 StarUML}{section.4.2}% 29
\BOOKMARK [2][-]{subsection.4.2.8}{4.2.8 MySQL Workbench}{section.4.2}% 30
\BOOKMARK [2][-]{subsection.4.2.9}{4.2.9 Otras herramientas}{section.4.2}% 31
\BOOKMARK [2][-]{subsection.4.2.10}{4.2.10 Hardware}{section.4.2}% 32
\BOOKMARK [0][-]{chapter.5}{5 Resultados}{}% 33
\BOOKMARK [1][-]{section.5.1}{5.1 Requisitos del sistema}{chapter.5}% 34
\BOOKMARK [2][-]{subsection.5.1.1}{5.1.1 Requisitos funcionales}{section.5.1}% 35
\BOOKMARK [2][-]{subsection.5.1.2}{5.1.2 Requisitos no funcionales}{section.5.1}% 36
\BOOKMARK [2][-]{subsection.5.1.3}{5.1.3 Casos de uso}{section.5.1}% 37
\BOOKMARK [1][-]{section.5.2}{5.2 Sprints}{chapter.5}% 38
\BOOKMARK [2][-]{subsection.5.2.1}{5.2.1 Primer sprint}{section.5.2}% 39
\BOOKMARK [2][-]{subsection.5.2.2}{5.2.2 Segundo sprint}{section.5.2}% 40
\BOOKMARK [2][-]{subsection.5.2.3}{5.2.3 Tercer sprint}{section.5.2}% 41
\BOOKMARK [2][-]{subsection.5.2.4}{5.2.4 Cuarto sprint}{section.5.2}% 42
\BOOKMARK [2][-]{subsection.5.2.5}{5.2.5 Quinto sprint}{section.5.2}% 43
\BOOKMARK [2][-]{subsection.5.2.6}{5.2.6 Temporalizaci\363n}{section.5.2}% 44
\BOOKMARK [1][-]{section.5.3}{5.3 Resultado del desarrollo}{chapter.5}% 45
\BOOKMARK [2][-]{subsection.5.3.1}{5.3.1 Arquitectura y dise\361o de la aplicaci\363n}{section.5.3}% 46
\BOOKMARK [2][-]{subsection.5.3.2}{5.3.2 Implementaci\363n}{section.5.3}% 47
\BOOKMARK [2][-]{subsection.5.3.3}{5.3.3 Decisiones de dise\361o e implementaci\363n}{section.5.3}% 48
\BOOKMARK [1][-]{section.5.4}{5.4 Aplicaci\363n obtenida}{chapter.5}% 49
\BOOKMARK [1][-]{section.5.5}{5.5 Evaluaci\363n del sistema}{chapter.5}% 50
\BOOKMARK [2][-]{subsection.5.5.1}{5.5.1 Dise\361o de la experiencia}{section.5.5}% 51
\BOOKMARK [2][-]{subsection.5.5.2}{5.5.2 An\341lisis de los resultados}{section.5.5}% 52
\BOOKMARK [1][-]{section.5.6}{5.6 An\341lisis de costes}{chapter.5}% 53
\BOOKMARK [0][-]{chapter.6}{6 Conclusiones}{}% 54
\BOOKMARK [1][-]{section.6.1}{6.1 Conclusiones}{chapter.6}% 55
\BOOKMARK [1][-]{section.6.2}{6.2 Justificaci\363n de las competencias}{chapter.6}% 56
\BOOKMARK [2][-]{subsection.6.2.1}{6.2.1 CM3}{section.6.2}% 57
\BOOKMARK [2][-]{subsection.6.2.2}{6.2.2 CM6}{section.6.2}% 58
\BOOKMARK [1][-]{section.6.3}{6.3 Propuestas de trabajo futuro}{chapter.6}% 59
\BOOKMARK [0][-]{appendix.Alph1}{A Anexo A}{}% 60
\BOOKMARK [1][-]{section.Alph1.1}{A.1 Diagramas de secuencia}{appendix.Alph1}% 61
\BOOKMARK [1][-]{section.Alph1.2}{A.2 Bocetos de la aplicaci\363n}{appendix.Alph1}% 62
\BOOKMARK [1][-]{section.Alph1.3}{A.3 Hist\363rico de la estructura de la base de datos}{appendix.Alph1}% 63
\BOOKMARK [1][-]{section.Alph1.4}{A.4 Diagrama de clases}{appendix.Alph1}% 64
\BOOKMARK [0][-]{appendix.Alph2}{B Anexo B}{}% 65
\BOOKMARK [0][-]{appendix.Alph3}{C Anexo C}{}% 66
\BOOKMARK [0][-]{appendix.Alph4}{D Anexo D}{}% 67
\BOOKMARK [1][-]{subsection.Alph4.0.1}{D.0.1 Inicio de sesi\363n}{appendix.Alph4}% 68
\BOOKMARK [2][-]{subsection.Alph4.0.2}{D.0.2 Ventana principal}{subsection.Alph4.0.1}% 69
\BOOKMARK [2][-]{subsection.Alph4.0.3}{D.0.3 Editar usuario}{subsection.Alph4.0.1}% 70
\BOOKMARK [2][-]{subsection.Alph4.0.4}{D.0.4 A\361adir alumno}{subsection.Alph4.0.1}% 71
\BOOKMARK [2][-]{subsection.Alph4.0.5}{D.0.5 Crear nueva tarea}{subsection.Alph4.0.1}% 72
\BOOKMARK [2][-]{subsection.Alph4.0.6}{D.0.6 Calificar tareas}{subsection.Alph4.0.1}% 73
\BOOKMARK [2][-]{subsection.Alph4.0.7}{D.0.7 Informe del alumno}{subsection.Alph4.0.1}% 74
\BOOKMARK [2][-]{subsection.Alph4.0.8}{D.0.8 Informe del trimestre}{subsection.Alph4.0.1}% 75
\BOOKMARK [2][-]{subsection.Alph4.0.9}{D.0.9 Manual de ayuda}{subsection.Alph4.0.1}% 76
\BOOKMARK [0][-]{section*.72}{Bibliograf\355a}{}% 77
